<?xml version="1.0" encoding="UTF-8"?>
<!-- Generated by org.testng.reporters.JUnitReportReporter -->
<testsuite hostname="LAPTOP-0FDUR9A6" failures="0" tests="8" name="ru.yandex.praktikum.MainPageQuestionsTest" time="355.306" errors="0" timestamp="2023-11-03T16:55:20 MSK" skipped="0">
  <testcase classname="ru.yandex.praktikum.MainPageQuestionsTest" name="checkClickQuestion_expectTextIsDisplayed[0]" time="11.061"/>
  <system-out/>
  <testcase classname="ru.yandex.praktikum.MainPageQuestionsTest" name="checkClickQuestion_expectTextIsDisplayed[3]" time="39.671"/>
  <system-out/>
  <testcase classname="ru.yandex.praktikum.MainPageQuestionsTest" name="checkClickQuestion_expectTextIsDisplayed[4]" time="49.220"/>
  <system-out/>
  <testcase classname="ru.yandex.praktikum.MainPageQuestionsTest" name="checkClickQuestion_expectTextIsDisplayed[5]" time="58.562"/>
  <system-out/>
  <testcase classname="ru.yandex.praktikum.MainPageQuestionsTest" name="checkClickQuestion_expectTextIsDisplayed[2]" time="30.214"/>
  <system-out/>
  <testcase classname="ru.yandex.praktikum.MainPageQuestionsTest" name="checkClickQuestion_expectTextIsDisplayed[6]" time="68.126"/>
  <system-out/>
  <testcase classname="ru.yandex.praktikum.MainPageQuestionsTest" name="checkClickQuestion_expectTextIsDisplayed[1]" time="20.505"/>
  <system-out/>
  <testcase classname="ru.yandex.praktikum.MainPageQuestionsTest" name="checkClickQuestion_expectTextIsDisplayed[7]" time="77.947"/>
  <system-out/>
</testsuite> <!-- ru.yandex.praktikum.MainPageQuestionsTest -->
