<?xml version="1.0" encoding="UTF-8"?>
<!-- Generated by org.testng.reporters.JUnitReportReporter -->
<testsuite hostname="LAPTOP-0FDUR9A6" failures="0" tests="2" name="ru.yandex.praktikum.OrderScooterTest" time="36.693" errors="0" timestamp="2023-11-03T16:55:20 MSK" skipped="0">
  <testcase classname="ru.yandex.praktikum.OrderScooterTest" name="checkOrderScooterValidData_expectScooterIsOrdered[1]" time="24.347"/>
  <system-out/>
  <testcase classname="ru.yandex.praktikum.OrderScooterTest" name="checkOrderScooterValidData_expectScooterIsOrdered[0]" time="12.346"/>
  <system-out/>
</testsuite> <!-- ru.yandex.praktikum.OrderScooterTest -->
